<?xml version="1.0" encoding="UTF-8"?>
<testng-results ignored="0" total="1" passed="1" failed="0" skipped="0">
  <reporter-output>
  </reporter-output>
  <suite started-at="2026-09-14T10:03:30 IST" name="Default suite" finished-at="2026-09-14T10:03:30 IST" duration-ms="85">
    <groups>
    </groups>
    <test started-at="2026-09-14T10:03:30 IST" name="Default test" finished-at="2026-09-14T10:03:30 IST" duration-ms="85">
      <class name="DemoFramework.DemoFramework.ProblemSolving.Demo">
        <test-method signature="WAP_to_print_the_numbers_from_1_to_10_using_for_loop()[pri:0, instance:DemoFramework.DemoFramework.ProblemSolving.Demo@201a4587]" started-at="2026-09-14T10:03:30 IST" name="WAP_to_print_the_numbers_from_1_to_10_using_for_loop" finished-at="2026-09-14T10:03:30 IST" duration-ms="14" status="PASS">
          <reporter-output>
          </reporter-output>
        </test-method> <!-- WAP_to_print_the_numbers_from_1_to_10_using_for_loop -->
      </class> <!-- DemoFramework.DemoFramework.ProblemSolving.Demo -->
    </test> <!-- Default test -->
  </suite> <!-- Default suite -->
</testng-results>
